<?xml version="1.0" encoding="UTF-8"?>
<!-- Generated by org.testng.reporters.JUnitXMLReporter -->
<testsuite ignored="2" hostname="Paramesh" failures="0" tests="2" name="Test1" time="29.24" errors="0" timestamp="2026-08-18T12:08:40 IST">
  <testcase classname="UsingTestNGScenarios.NavigateToMyntra" name="myntra" time="13.721"/>
  <testcase classname="UsingTestNGScenarios.NavigateToFlipkart" name="flipkart" time="15.441"/>
  <testcase classname="UsingTestNGScenarios.NavigateToMeesho" name="meesho" time="0.0">
    <ignored/>
  </testcase> <!-- meesho -->
  <testcase classname="UsingTestNGScenarios.NavigateToAmazon" name="amazon" time="0.0">
    <ignored/>
  </testcase> <!-- amazon -->
</testsuite> <!-- Test1 -->
