<?xml version="1.0" encoding="UTF-8"?>
<!-- Generated by org.testng.reporters.JUnitXMLReporter -->
<testsuite ignored="4" hostname="Paramesh" failures="0" tests="2" name="Test" time="0.048" errors="0" timestamp="2026-08-19T19:48:18 IST">
  <testcase classname="ListenersUtilization.SampleTest" name="sample" time="0.006"/>
  <testcase classname="ListenersUtilization.DemoTest" name="demo" time="0.001"/>
  <testcase classname="Utilites.Baseclass" name="@AfterTest at" time="0.0">
    <ignored/>
  </testcase> <!-- @AfterTest at -->
  <testcase classname="Utilites.Baseclass" name="@BeforeSuite bs" time="0.0">
    <ignored/>
  </testcase> <!-- @BeforeSuite bs -->
  <testcase classname="Utilites.Baseclass" name="@AfterSuite as" time="0.0">
    <ignored/>
  </testcase> <!-- @AfterSuite as -->
  <testcase classname="Utilites.Baseclass" name="@BeforeTest bt" time="0.0">
    <ignored/>
  </testcase> <!-- @BeforeTest bt -->
</testsuite> <!-- Test -->
