<?xml version="1.0" encoding="UTF-8"?>
<!-- Generated by org.testng.reporters.JUnitXMLReporter -->
<testsuite ignored="2" hostname="Paramesh" failures="0" tests="2" name="Test2" time="41.526" errors="0" timestamp="2026-08-18T12:08:52 IST">
  <testcase classname="UsingTestNGScenarios.NavigateToMyntra" name="myntra" time="28.599"/>
  <testcase classname="UsingTestNGScenarios.NavigateToFlipkart" name="flipkart" time="12.874"/>
  <testcase classname="UsingTestNGScenarios.NavigateToAmazon" name="amazon" time="0.0">
    <ignored/>
  </testcase> <!-- amazon -->
  <testcase classname="UsingTestNGScenarios.NavigateToMeesho" name="meesho" time="0.0">
    <ignored/>
  </testcase> <!-- meesho -->
</testsuite> <!-- Test2 -->
