<?xml version="1.0" encoding="UTF-8"?>
<!-- Generated by org.testng.reporters.JUnitXMLReporter -->
<testsuite ignored="0" hostname="Paramesh" failures="0" tests="4" name="Test_firefox" time="75.543" errors="0" timestamp="2026-08-17T13:28:00 IST">
  <testcase classname="UsingTestNGScenarios.NavigateToMyntra" name="myntra" time="24.643"/>
  <testcase classname="UsingTestNGScenarios.NavigateToMeesho" name="meesho" time="16.638"/>
  <testcase classname="UsingTestNGScenarios.NavigateToFlipkart" name="flipkart" time="21.92"/>
  <testcase classname="UsingTestNGScenarios.NavigateToAmazon" name="amazon" time="12.274"/>
</testsuite> <!-- Test_firefox -->
