<?xml version="1.0" encoding="UTF-8"?>
<!-- Generated by org.testng.reporters.JUnitXMLReporter -->
<testsuite ignored="0" hostname="Paramesh" failures="0" tests="4" name="Test_edge" time="84.458" errors="0" timestamp="2026-08-17T13:28:09 IST">
  <testcase classname="UsingTestNGScenarios.NavigateToMyntra" name="myntra" time="41.876"/>
  <testcase classname="UsingTestNGScenarios.NavigateToMeesho" name="meesho" time="17.56"/>
  <testcase classname="UsingTestNGScenarios.NavigateToFlipkart" name="flipkart" time="19.062"/>
  <testcase classname="UsingTestNGScenarios.NavigateToAmazon" name="amazon" time="5.896"/>
</testsuite> <!-- Test_edge -->
