<?xml version="1.0" encoding="UTF-8"?>
<!-- Generated by org.testng.reporters.JUnitXMLReporter -->
<testsuite ignored="0" hostname="Paramesh" failures="0" tests="4" name="Test_chrome" time="78.041" errors="0" timestamp="2026-08-17T13:28:03 IST">
  <testcase classname="UsingTestNGScenarios.NavigateToMyntra" name="myntra" time="18.758"/>
  <testcase classname="UsingTestNGScenarios.NavigateToMeesho" name="meesho" time="17.064"/>
  <testcase classname="UsingTestNGScenarios.NavigateToFlipkart" name="flipkart" time="23.473"/>
  <testcase classname="UsingTestNGScenarios.NavigateToAmazon" name="amazon" time="18.667"/>
</testsuite> <!-- Test_chrome -->
