<?xml version="1.0" encoding="UTF-8"?>
<!-- Generated by org.testng.reporters.JUnitReportReporter -->
<testsuite hostname="Paramesh" failures="0" tests="1" name="HandlingDropDown.HandlingMultiSelectDD" time="32.031" errors="0" timestamp="2026-08-06T08:29:03 IST" skipped="0">
  <testcase classname="HandlingDropDown.HandlingMultiSelectDD" name="multiSelect" time="32.031">
    <system-out>
      <![CDATA[All options:Fjallraven - Foldsac...
All options:Mens Casual Premium ...
All options:Mens Cotton Jacket...
All options:Mens Casual Slim Fit...
All options:John Hardy Women's L...
All options:Solid Gold Petite Mi...
All options:White Gold Plated Pr...
All options:Pierced Owl Rose Gol...
All options:WD 2TB Elements Port...
All options:SanDisk SSD PLUS 1TB...
All options:Silicon Power 256GB ...
All options:WD 4TB Gaming Drive ...
All options:Acer SB220Q bi 21.5 ...
All options:Samsung 49-Inch CHG9...
All options:BIYLACLESEN Women's ...
All options:Lock and Love Women'...
All options:Rain Jacket Women Wi...
All options:MBJ Women's Solid Sh...
All options:Opna Women's Short S...
All options:DANVOUY Womens T Shi...
Selected options:Mens Casual Premium ...
Selected options:Mens Cotton Jacket...
Selected options:John Hardy Women's L...
Selected options:Opna Women's Short S...
Selected options:DANVOUY Womens T Shi...
First selected option:Mens Casual Premium ...]]>
    </system-out>
  </testcase> <!-- multiSelect -->
  <system-out>
    <![CDATA[All options:Fjallraven - Foldsac...
All options:Mens Casual Premium ...
All options:Mens Cotton Jacket...
All options:Mens Casual Slim Fit...
All options:John Hardy Women's L...
All options:Solid Gold Petite Mi...
All options:White Gold Plated Pr...
All options:Pierced Owl Rose Gol...
All options:WD 2TB Elements Port...
All options:SanDisk SSD PLUS 1TB...
All options:Silicon Power 256GB ...
All options:WD 4TB Gaming Drive ...
All options:Acer SB220Q bi 21.5 ...
All options:Samsung 49-Inch CHG9...
All options:BIYLACLESEN Women's ...
All options:Lock and Love Women'...
All options:Rain Jacket Women Wi...
All options:MBJ Women's Solid Sh...
All options:Opna Women's Short S...
All options:DANVOUY Womens T Shi...
Selected options:Mens Casual Premium ...
Selected options:Mens Cotton Jacket...
Selected options:John Hardy Women's L...
Selected options:Opna Women's Short S...
Selected options:DANVOUY Womens T Shi...
First selected option:Mens Casual Premium ...]]>
  </system-out>
</testsuite> <!-- HandlingDropDown.HandlingMultiSelectDD -->
