<?xml version="1.0" encoding="UTF-8"?>
<!-- Generated by org.testng.reporters.JUnitReportReporter -->
<testsuite hostname="Paramesh" failures="0" tests="1" name="BaseClassUtilization.DemoTest" time="0.002" errors="0" timestamp="2026-08-19T17:55:58 IST" skipped="0">
  <testcase classname="BaseClassUtilization.DemoTest" name="demo" time="0.002">
    <system-out>
      <![CDATA[demo]]>
    </system-out>
  </testcase> <!-- demo -->
  <system-out>
    <![CDATA[connect to DB
configure parallel exe
launch
login
CreateTest
logout
login
ModifyTest
logout
quit
launch
login
demo
logout
quit
close configuration of parallel exe
disconnect with DB]]>
  </system-out>
</testsuite> <!-- BaseClassUtilization.DemoTest -->
