<?xml version="1.0" encoding="UTF-8"?>
<!-- Generated by org.testng.reporters.JUnitReportReporter -->
<testsuite hostname="Paramesh" failures="0" tests="3" name="UsingTestNGScenarios.NavigateToAmazon" time="36.837" errors="0" timestamp="2026-08-17T13:28:09 IST" skipped="0">
  <testcase classname="UsingTestNGScenarios.NavigateToAmazon" name="amazon" time="18.667">
    <system-out>
      <![CDATA[amazon]]>
    </system-out>
  </testcase> <!-- amazon -->
  <testcase classname="UsingTestNGScenarios.NavigateToAmazon" name="amazon" time="12.274">
    <system-out>
      <![CDATA[amazon]]>
    </system-out>
  </testcase> <!-- amazon -->
  <testcase classname="UsingTestNGScenarios.NavigateToAmazon" name="amazon" time="5.896">
    <system-out>
      <![CDATA[amazon]]>
    </system-out>
  </testcase> <!-- amazon -->
  <system-out>
    <![CDATA[myntra
myntra
meesho
myntra
meesho
flipkart
meesho
flipkart
amazon
flipkart
amazon
amazon]]>
  </system-out>
</testsuite> <!-- UsingTestNGScenarios.NavigateToAmazon -->
