<?xml version="1.0" encoding="UTF-8"?>
<!-- Generated by org.testng.reporters.JUnitReportReporter -->
<testsuite hostname="Paramesh" failures="0" tests="2" name="BaseClassUtilization.SampleTest" time="0.007" errors="0" timestamp="2026-08-19T17:55:58 IST" skipped="0">
  <testcase classname="BaseClassUtilization.SampleTest" name="create" time="0.006">
    <system-out>
      <![CDATA[CreateTest]]>
    </system-out>
  </testcase> <!-- create -->
  <testcase classname="BaseClassUtilization.SampleTest" name="modify" time="0.001">
    <system-out>
      <![CDATA[ModifyTest]]>
    </system-out>
  </testcase> <!-- modify -->
  <system-out>
    <![CDATA[connect to DB
configure parallel exe
launch
login
CreateTest
logout
login
ModifyTest
logout
quit
launch
login
demo
logout
quit
close configuration of parallel exe
disconnect with DB]]>
  </system-out>
</testsuite> <!-- BaseClassUtilization.SampleTest -->
