<?xml version="1.0" encoding="UTF-8"?>
<!-- Generated by org.testng.reporters.JUnitReportReporter -->
<testsuite hostname="Paramesh" failures="0" tests="3" name="UsingTestNGScenarios.NavigateToMeesho" time="51.262" errors="0" timestamp="2026-08-17T13:28:09 IST" skipped="0">
  <testcase classname="UsingTestNGScenarios.NavigateToMeesho" name="meesho" time="17.560">
    <system-out>
      <![CDATA[meesho]]>
    </system-out>
  </testcase> <!-- meesho -->
  <testcase classname="UsingTestNGScenarios.NavigateToMeesho" name="meesho" time="17.064">
    <system-out>
      <![CDATA[meesho]]>
    </system-out>
  </testcase> <!-- meesho -->
  <testcase classname="UsingTestNGScenarios.NavigateToMeesho" name="meesho" time="16.638">
    <system-out>
      <![CDATA[meesho]]>
    </system-out>
  </testcase> <!-- meesho -->
  <system-out>
    <![CDATA[myntra
myntra
meesho
myntra
meesho
flipkart
meesho
flipkart
amazon
flipkart
amazon
amazon]]>
  </system-out>
</testsuite> <!-- UsingTestNGScenarios.NavigateToMeesho -->
