<?xml version="1.0" encoding="UTF-8"?>
<!-- Generated by org.testng.reporters.JUnitReportReporter -->
<testsuite hostname="Paramesh" failures="0" tests="3" name="UsingDataProviders.LoginWithMultipleData" time="9.036" errors="0" timestamp="2026-08-19T13:29:21 IST" skipped="0">
  <testcase classname="UsingDataProviders.LoginWithMultipleData" name="login" time="3.009"/>
  <testcase classname="UsingDataProviders.LoginWithMultipleData" name="login" time="3.010"/>
  <testcase classname="UsingDataProviders.LoginWithMultipleData" name="login" time="3.017"/>
</testsuite> <!-- UsingDataProviders.LoginWithMultipleData -->
