<?xml version="1.0" encoding="UTF-8"?>
<!-- Generated by org.testng.reporters.JUnitReportReporter -->
<testsuite hostname="Paramesh" failures="0" tests="1" name="ListenersUtilization.SampleTest" time="0.008" errors="0" timestamp="2026-08-19T19:48:18 IST" skipped="0">
  <testcase classname="ListenersUtilization.SampleTest" name="sample" time="0.008">
    <system-out>
      <![CDATA[sample :Test exe started
Listeners Test
sample :Test exe sucess]]>
    </system-out>
  </testcase> <!-- sample -->
  <system-out>
    <![CDATA[configuratiion of report on start
connect to DB
configure parallel exe
launch
login
sample :Test exe started
Listeners Test
sample :Test exe sucess
logout
quit
launch
login
demo :Test exe started
Listeners test
demo :Test exe sucess
logout
quit
close configuration of parallel exe
disconnect with DB]]>
  </system-out>
</testsuite> <!-- ListenersUtilization.SampleTest -->
