<?xml version="1.0" encoding="UTF-8"?>
<!-- Generated by org.testng.reporters.JUnitReportReporter -->
<testsuite hostname="Paramesh" failures="0" tests="1" name="UsingTestng.NavigateToTheAppUsingTestng" time="19.598" errors="0" timestamp="2026-07-18T12:42:35 IST" skipped="0">
  <testcase classname="UsingTestng.NavigateToTheAppUsingTestng" name="demoTest" time="19.598">
    <system-out>
      <![CDATA[Test Pass]]>
    </system-out>
  </testcase> <!-- demoTest -->
  <system-out>
    <![CDATA[Test Pass]]>
  </system-out>
</testsuite> <!-- UsingTestng.NavigateToTheAppUsingTestng -->
