<?xml version="1.0" encoding="UTF-8"?>
<!-- Generated by org.testng.reporters.JUnitReportReporter -->
<testsuite hostname="Paramesh" failures="0" tests="2" name="UsingTestNGScenarios.NavigateToMyntra" time="42.320" errors="0" timestamp="2026-08-18T12:08:53 IST" skipped="0">
  <testcase classname="UsingTestNGScenarios.NavigateToMyntra" name="myntra" time="13.721">
    <system-out>
      <![CDATA[myntra]]>
    </system-out>
  </testcase> <!-- myntra -->
  <testcase classname="UsingTestNGScenarios.NavigateToMyntra" name="myntra" time="28.599">
    <system-out>
      <![CDATA[myntra]]>
    </system-out>
  </testcase> <!-- myntra -->
  <system-out>
    <![CDATA[myntra
myntra
flipkart
flipkart]]>
  </system-out>
</testsuite> <!-- UsingTestNGScenarios.NavigateToMyntra -->
