<?xml version="1.0" encoding="UTF-8"?>
<!-- Generated by org.testng.reporters.JUnitReportReporter -->
<testsuite hostname="Paramesh" failures="0" tests="1" name="UsingWebElementsMethods.UsingActions" time="25.095" errors="0" timestamp="2026-07-19T21:09:23 IST" skipped="0">
  <testcase classname="UsingWebElementsMethods.UsingActions" name="validation" time="25.095">
    <system-out>
      <![CDATA[signupTF is displayed
subscribe button is enabled]]>
    </system-out>
  </testcase> <!-- validation -->
  <system-out>
    <![CDATA[signupTF is displayed
subscribe button is enabled]]>
  </system-out>
</testsuite> <!-- UsingWebElementsMethods.UsingActions -->
