<?xml version="1.0" encoding="UTF-8"?>
<!-- Generated by org.testng.reporters.JUnitReportReporter -->
<testsuite hostname="Paramesh" failures="1" tests="6" name="ListenersUtilization.RetryImplementation" time="0.024" errors="0" timestamp="2026-08-20T12:07:27 IST" skipped="5">
  <testcase classname="ListenersUtilization.RetryImplementation" name="loginTest" time="0.002">
    <skipped/>
    <system-out>
      <![CDATA[loginTest :Test exe started
login
loginTest :Test exe skipped]]>
    </system-out>
  </testcase> <!-- loginTest -->
  <testcase classname="ListenersUtilization.RetryImplementation" name="loginTest" time="0.004">
    <skipped/>
    <system-out>
      <![CDATA[loginTest :Test exe started
login
loginTest :Test exe skipped]]>
    </system-out>
  </testcase> <!-- loginTest -->
  <testcase classname="ListenersUtilization.RetryImplementation" name="loginTest" time="0.001">
    <skipped/>
    <system-out>
      <![CDATA[loginTest :Test exe started
login
loginTest :Test exe skipped]]>
    </system-out>
  </testcase> <!-- loginTest -->
  <testcase classname="ListenersUtilization.RetryImplementation" name="loginTest" time="0.011">
    <skipped/>
    <system-out>
      <![CDATA[loginTest :Test exe started
login
loginTest :Test exe skipped]]>
    </system-out>
  </testcase> <!-- loginTest -->
  <testcase classname="ListenersUtilization.RetryImplementation" name="loginTest" time="0.003">
    <failure message="null" type="java.lang.AssertionError">
      <![CDATA[java.lang.AssertionError: null
at org.testng.Assert.fail(Assert.java:111)
at org.testng.Assert.fail(Assert.java:116)
at ListenersUtilization.RetryImplementation.loginTest(RetryImplementation.java:15)
at java.base/jdk.internal.reflect.DirectMethodHandleAccessor.invoke(DirectMethodHandleAccessor.java:103)
at java.base/java.lang.reflect.Method.invoke(Method.java:580)
at org.testng.internal.invokers.MethodInvocationHelper.invokeMethod(MethodInvocationHelper.java:141)
at org.testng.internal.invokers.TestInvoker.invokeMethod(TestInvoker.java:687)
at org.testng.internal.invokers.TestInvoker.retryFailed(TestInvoker.java:269)
at org.testng.internal.invokers.MethodRunner.runInSequence(MethodRunner.java:76)
at org.testng.internal.invokers.TestInvoker$MethodInvocationAgent.invoke(TestInvoker.java:995)
at org.testng.internal.invokers.TestInvoker.invokeTestMethods(TestInvoker.java:203)
at org.testng.internal.invokers.TestMethodWorker.invokeTestMethods(TestMethodWorker.java:154)
at org.testng.internal.invokers.TestMethodWorker.run(TestMethodWorker.java:134)
at java.base/java.util.ArrayList.forEach(ArrayList.java:1596)
at org.testng.TestRunner.privateRun(TestRunner.java:741)
at org.testng.TestRunner.run(TestRunner.java:616)
at org.testng.SuiteRunner.runTest(SuiteRunner.java:421)
at org.testng.SuiteRunner.runSequentially(SuiteRunner.java:413)
at org.testng.SuiteRunner.privateRun(SuiteRunner.java:373)
at org.testng.SuiteRunner.run(SuiteRunner.java:312)
at org.testng.SuiteRunnerWorker.runSuite(SuiteRunnerWorker.java:52)
at org.testng.SuiteRunnerWorker.run(SuiteRunnerWorker.java:95)
at org.testng.TestNG.runSuitesSequentially(TestNG.java:1274)
at org.testng.TestNG.runSuitesLocally(TestNG.java:1208)
at org.testng.TestNG.runSuites(TestNG.java:1112)
at org.testng.TestNG.run(TestNG.java:1079)
at org.testng.remote.AbstractRemoteTestNG.run(AbstractRemoteTestNG.java:115)
at org.testng.remote.RemoteTestNG.initAndRun(RemoteTestNG.java:293)
at org.testng.remote.RemoteTestNG.main(RemoteTestNG.java:91)
]]>
    </failure>
    <system-out>
      <![CDATA[loginTest :Test exe started
login
loginTest :Test exe fail--screenshot]]>
    </system-out>
  </testcase> <!-- loginTest -->
  <testcase classname="ListenersUtilization.RetryImplementation" name="loginTest" time="0.003">
    <skipped/>
    <system-out>
      <![CDATA[loginTest :Test exe started
login
loginTest :Test exe skipped]]>
    </system-out>
  </testcase> <!-- loginTest -->
  <system-out>
    <![CDATA[configuratiion of report on start
connect to DB
configure parallel exe
launch
login
loginTest :Test exe started
login
loginTest :Test exe skipped
logout
login
loginTest :Test exe started
login
loginTest :Test exe skipped
logout
login
loginTest :Test exe started
login
loginTest :Test exe skipped
logout
login
loginTest :Test exe started
login
loginTest :Test exe skipped
logout
login
loginTest :Test exe started
login
loginTest :Test exe skipped
logout
login
loginTest :Test exe started
login
loginTest :Test exe fail--screenshot
logout
quit
close configuration of parallel exe
disconnect with DB]]>
  </system-out>
</testsuite> <!-- ListenersUtilization.RetryImplementation -->
