<?xml version="1.0" encoding="UTF-8"?>
<!-- Generated by org.testng.reporters.JUnitReportReporter -->
<testsuite hostname="Paramesh" failures="0" tests="2" name="UsingTestNGScenarios.NavigateToFlipkart" time="28.315" errors="0" timestamp="2026-08-18T12:08:53 IST" skipped="0">
  <testcase classname="UsingTestNGScenarios.NavigateToFlipkart" name="flipkart" time="15.441">
    <system-out>
      <![CDATA[flipkart]]>
    </system-out>
  </testcase> <!-- flipkart -->
  <testcase classname="UsingTestNGScenarios.NavigateToFlipkart" name="flipkart" time="12.874">
    <system-out>
      <![CDATA[flipkart]]>
    </system-out>
  </testcase> <!-- flipkart -->
  <system-out>
    <![CDATA[myntra
myntra
flipkart
flipkart]]>
  </system-out>
</testsuite> <!-- UsingTestNGScenarios.NavigateToFlipkart -->
